Training on single GPU.
|======================================================================================================================|
|  Epoch  |  Iteration  |  Time Elapsed  |  Mini-batch  |  Validation  |  Mini-batch  |  Validation  |  Base Learning  |
|         |             |   (hh:mm:ss)   |   Accuracy   |   Accuracy   |     Loss     |     Loss     |      Rate       |
|======================================================================================================================|
|       1 |           1 |       00:00:01 |        0.00% |        0.00% |       3.7084 |       3.7619 |          0.0010 |
|      10 |          50 |       00:00:41 |       50.00% |              |       2.2512 |              |          0.0010 |
|      12 |          60 |       00:00:50 |       55.00% |       11.54% |       1.9447 |       3.5028 |          0.0001 |
|      20 |         100 |       00:01:23 |       55.00% |              |       1.9922 |              |          0.0001 |
|      24 |         120 |       00:01:41 |       75.00% |       15.38% |       1.6905 |       3.4053 |      1.0000e-05 |
|      30 |         150 |       00:02:05 |       60.00% |              |       1.7312 |              |      1.0000e-05 |
|      36 |         180 |       00:02:31 |       85.00% |       15.38% |       1.4900 |       3.3919 |      1.0000e-06 |
|      40 |         200 |       00:02:47 |       45.00% |              |       2.0057 |              |      1.0000e-06 |
|      48 |         240 |       00:03:21 |       75.00% |       15.38% |       1.5392 |       3.3917 |      1.0000e-07 |
|      50 |         250 |       00:03:30 |       80.00% |              |       1.5773 |              |      1.0000e-07 |
|      60 |         300 |       00:04:11 |       60.00% |       15.38% |       1.8283 |       3.4555 |      1.0000e-08 |
|      70 |         350 |       00:04:53 |       35.00% |              |       2.0346 |              |      1.0000e-09 |
|      72 |         360 |       00:05:02 |       75.00% |       15.38% |       1.6753 |       3.3917 |      1.0000e-10 |
|      80 |         400 |       00:05:35 |       75.00% |              |       1.5380 |              |      1.0000e-10 |
|      84 |         420 |       00:05:52 |       60.00% |       15.38% |       1.8382 |       3.3871 |      1.0000e-11 |
|      90 |         450 |       00:06:18 |       75.00% |              |       1.5649 |              |      1.0000e-11 |
|      96 |         480 |       00:06:43 |       70.00% |       15.38% |       1.8157 |       3.4219 |      1.0000e-12 |
|     100 |         500 |       00:07:00 |       45.00% |       15.38% |       2.0793 |       3.4271 |      1.0000e-12 |
|======================================================================================================================|
