Training on single GPU.
|======================================================================================================================|
|  Epoch  |  Iteration  |  Time Elapsed  |  Mini-batch  |  Validation  |  Mini-batch  |  Validation  |  Base Learning  |
|         |             |   (hh:mm:ss)   |   Accuracy   |   Accuracy   |     Loss     |     Loss     |      Rate       |
|======================================================================================================================|
|       1 |           1 |       00:00:01 |        5.00% |        7.69% |       3.6389 |       3.7625 |          0.0010 |
|      10 |          50 |       00:00:43 |       45.00% |              |       2.3705 |              |          0.0010 |
|      12 |          60 |       00:00:52 |       45.00% |        7.69% |       2.4262 |       3.2032 |          0.0001 |
|      20 |         100 |       00:01:27 |       60.00% |              |       1.8541 |              |          0.0001 |
|      24 |         120 |       00:01:45 |       70.00% |       11.54% |       1.7665 |       3.1764 |      1.0000e-05 |
|      30 |         150 |       00:02:11 |       60.00% |              |       1.7987 |              |      1.0000e-05 |
|      36 |         180 |       00:02:37 |       50.00% |       15.38% |       2.0637 |       3.0856 |      1.0000e-06 |
|      40 |         200 |       00:02:54 |       55.00% |              |       1.9042 |              |      1.0000e-06 |
|      48 |         240 |       00:03:29 |       70.00% |       15.38% |       1.6988 |       3.0849 |      1.0000e-07 |
|      50 |         250 |       00:03:38 |       60.00% |              |       1.9405 |              |      1.0000e-07 |
|      60 |         300 |       00:04:20 |       65.00% |       11.54% |       1.9289 |       3.2022 |      1.0000e-08 |
|      70 |         350 |       00:05:02 |       55.00% |              |       1.9239 |              |      1.0000e-09 |
|      72 |         360 |       00:05:12 |       40.00% |       11.54% |       2.1044 |       3.2041 |      1.0000e-10 |
|      80 |         400 |       00:05:46 |       55.00% |              |       1.8214 |              |      1.0000e-10 |
|      84 |         420 |       00:06:03 |       60.00% |       11.54% |       1.8668 |       3.1705 |      1.0000e-11 |
|      90 |         450 |       00:06:29 |       55.00% |              |       2.0798 |              |      1.0000e-11 |
|      96 |         480 |       00:06:55 |       55.00% |       11.54% |       2.0376 |       3.2399 |      1.0000e-12 |
|     100 |         500 |       00:07:12 |       40.00% |       15.38% |       2.1418 |       3.0849 |      1.0000e-12 |
|======================================================================================================================|
