Training on single GPU.
|======================================================================================================================|
|  Epoch  |  Iteration  |  Time Elapsed  |  Mini-batch  |  Validation  |  Mini-batch  |  Validation  |  Base Learning  |
|         |             |   (hh:mm:ss)   |   Accuracy   |   Accuracy   |     Loss     |     Loss     |      Rate       |
|======================================================================================================================|
|       1 |           1 |       00:00:02 |        5.00% |        7.69% |       3.9260 |       3.7916 |          0.0010 |
|      10 |          50 |       00:00:43 |       55.00% |              |       2.2227 |              |          0.0010 |
|      12 |          60 |       00:00:52 |       75.00% |        7.69% |       1.5856 |       3.4237 |          0.0001 |
|      20 |         100 |       00:01:26 |       50.00% |              |       1.9589 |              |          0.0001 |
|      24 |         120 |       00:01:43 |       65.00% |       11.54% |       2.0814 |       3.3807 |      1.0000e-05 |
|      30 |         150 |       00:02:08 |       75.00% |              |       1.9265 |              |      1.0000e-05 |
|      36 |         180 |       00:02:34 |       55.00% |       11.54% |       2.2028 |       3.2750 |      1.0000e-06 |
|      40 |         200 |       00:02:51 |       65.00% |              |       1.7915 |              |      1.0000e-06 |
|      48 |         240 |       00:03:25 |       75.00% |       11.54% |       1.8005 |       3.3897 |      1.0000e-07 |
|      50 |         250 |       00:03:33 |       50.00% |              |       2.0225 |              |      1.0000e-07 |
|      60 |         300 |       00:04:16 |       50.00% |        7.69% |       1.9087 |       3.3775 |      1.0000e-08 |
|      70 |         350 |       00:04:59 |       50.00% |              |       2.0213 |              |      1.0000e-09 |
|      72 |         360 |       00:05:08 |       60.00% |       11.54% |       1.8295 |       3.2746 |      1.0000e-10 |
|      80 |         400 |       00:05:41 |       60.00% |              |       1.8845 |              |      1.0000e-10 |
|      84 |         420 |       00:05:59 |       55.00% |       11.54% |       2.1423 |       3.2746 |      1.0000e-11 |
|      90 |         450 |       00:06:25 |       65.00% |              |       1.8708 |              |      1.0000e-11 |
|      96 |         480 |       00:06:52 |       80.00% |       11.54% |       1.7646 |       3.3619 |      1.0000e-12 |
|     100 |         500 |       00:07:09 |       65.00% |       11.54% |       1.8812 |       3.3001 |      1.0000e-12 |
|======================================================================================================================|
