Training on single GPU.
|======================================================================================================================|
|  Epoch  |  Iteration  |  Time Elapsed  |  Mini-batch  |  Validation  |  Mini-batch  |  Validation  |  Base Learning  |
|         |             |   (hh:mm:ss)   |   Accuracy   |   Accuracy   |     Loss     |     Loss     |      Rate       |
|======================================================================================================================|
|       1 |           1 |       00:00:02 |        0.00% |        0.00% |       3.8096 |       3.8202 |          0.0010 |
|      10 |          50 |       00:00:44 |       60.00% |              |       2.2472 |              |          0.0010 |
|      12 |          60 |       00:00:53 |       45.00% |        0.00% |       2.0809 |       3.6539 |          0.0001 |
|      20 |         100 |       00:01:27 |       55.00% |              |       2.0821 |              |          0.0001 |
|      24 |         120 |       00:01:44 |       45.00% |        3.85% |       2.2351 |       3.4790 |      1.0000e-05 |
|      30 |         150 |       00:02:09 |       50.00% |              |       1.9947 |              |      1.0000e-05 |
|      36 |         180 |       00:02:35 |       50.00% |        0.00% |       1.7747 |       3.5837 |      1.0000e-06 |
|      40 |         200 |       00:02:52 |       65.00% |              |       1.9030 |              |      1.0000e-06 |
|      48 |         240 |       00:03:27 |       65.00% |        3.85% |       1.9567 |       3.4786 |      1.0000e-07 |
|      50 |         250 |       00:03:35 |       75.00% |              |       1.9099 |              |      1.0000e-07 |
|      60 |         300 |       00:04:18 |       65.00% |        0.00% |       1.7653 |       3.5977 |      1.0000e-08 |
|      70 |         350 |       00:05:01 |       55.00% |              |       2.0889 |              |      1.0000e-09 |
|      72 |         360 |       00:05:09 |       70.00% |        0.00% |       1.8842 |       3.5835 |      1.0000e-10 |
|      80 |         400 |       00:05:43 |       60.00% |              |       1.9921 |              |      1.0000e-10 |
|      84 |         420 |       00:06:01 |       65.00% |        3.85% |       1.9592 |       3.4786 |      1.0000e-11 |
|      90 |         450 |       00:06:26 |       60.00% |              |       1.9314 |              |      1.0000e-11 |
|      96 |         480 |       00:06:52 |       60.00% |        0.00% |       1.9288 |       3.5973 |      1.0000e-12 |
|     100 |         500 |       00:07:10 |       55.00% |        0.00% |       1.8967 |       3.5962 |      1.0000e-12 |
|======================================================================================================================|
