Training on single GPU.
|======================================================================================================================|
|  Epoch  |  Iteration  |  Time Elapsed  |  Mini-batch  |  Validation  |  Mini-batch  |  Validation  |  Base Learning  |
|         |             |   (hh:mm:ss)   |   Accuracy   |   Accuracy   |     Loss     |     Loss     |      Rate       |
|======================================================================================================================|
|       1 |           1 |       00:00:01 |        0.00% |        0.00% |       3.7286 |       3.7899 |          0.0010 |
|      10 |          50 |       00:00:42 |       30.00% |              |       2.4549 |              |          0.0010 |
|      12 |          60 |       00:00:51 |       50.00% |       19.23% |       2.0757 |       3.1795 |          0.0001 |
|      20 |         100 |       00:01:24 |       55.00% |              |       2.0752 |              |          0.0001 |
|      24 |         120 |       00:01:41 |       70.00% |       15.38% |       1.7725 |       3.1449 |      1.0000e-05 |
|      30 |         150 |       00:02:06 |       85.00% |              |       1.5677 |              |      1.0000e-05 |
|      36 |         180 |       00:02:32 |       60.00% |       19.23% |       1.9770 |       3.1387 |      1.0000e-06 |
|      40 |         200 |       00:02:49 |       60.00% |              |       1.9675 |              |      1.0000e-06 |
|      48 |         240 |       00:03:23 |       70.00% |       15.38% |       1.6565 |       3.1278 |      1.0000e-07 |
|      50 |         250 |       00:03:32 |       85.00% |              |       1.4543 |              |      1.0000e-07 |
|      60 |         300 |       00:04:14 |       70.00% |       15.38% |       1.7594 |       3.1613 |      1.0000e-08 |
|      70 |         350 |       00:04:56 |       75.00% |              |       1.7169 |              |      1.0000e-09 |
|      72 |         360 |       00:05:05 |       65.00% |       15.38% |       1.8024 |       3.2445 |      1.0000e-10 |
|      80 |         400 |       00:05:38 |       80.00% |              |       1.5178 |              |      1.0000e-10 |
|      84 |         420 |       00:05:56 |       80.00% |       19.23% |       1.4994 |       3.1382 |      1.0000e-11 |
|      90 |         450 |       00:06:21 |       40.00% |              |       2.1342 |              |      1.0000e-11 |
|      96 |         480 |       00:06:47 |       70.00% |       15.38% |       1.7061 |       3.1426 |      1.0000e-12 |
|     100 |         500 |       00:07:04 |       65.00% |       19.23% |       1.6820 |       3.1382 |      1.0000e-12 |
|======================================================================================================================|
