Training on single GPU.
|======================================================================================================================|
|  Epoch  |  Iteration  |  Time Elapsed  |  Mini-batch  |  Validation  |  Mini-batch  |  Validation  |  Base Learning  |
|         |             |   (hh:mm:ss)   |   Accuracy   |   Accuracy   |     Loss     |     Loss     |      Rate       |
|======================================================================================================================|
|       1 |           1 |       00:00:01 |        5.00% |        0.00% |       3.7327 |       3.7708 |          0.0010 |
|      10 |          50 |       00:00:44 |       45.00% |              |       2.0113 |              |          0.0010 |
|      12 |          60 |       00:00:53 |       60.00% |       19.23% |       2.1313 |       3.1745 |          0.0001 |
|      20 |         100 |       00:01:27 |       60.00% |              |       2.1145 |              |          0.0001 |
|      24 |         120 |       00:01:44 |       45.00% |       19.23% |       2.1320 |       3.1642 |      1.0000e-05 |
|      30 |         150 |       00:02:09 |       55.00% |              |       1.9637 |              |      1.0000e-05 |
|      36 |         180 |       00:02:35 |       45.00% |       19.23% |       2.0440 |       3.1242 |      1.0000e-06 |
|      40 |         200 |       00:02:52 |       30.00% |              |       2.4617 |              |      1.0000e-06 |
|      48 |         240 |       00:03:26 |       55.00% |       15.38% |       2.0893 |       3.1371 |      1.0000e-07 |
|      50 |         250 |       00:03:35 |       50.00% |              |       2.1437 |              |      1.0000e-07 |
|      60 |         300 |       00:04:17 |       70.00% |       19.23% |       1.9022 |       3.1269 |      1.0000e-08 |
|      70 |         350 |       00:05:00 |       55.00% |              |       1.8980 |              |      1.0000e-09 |
|      72 |         360 |       00:05:09 |       35.00% |       15.38% |       2.1632 |       3.1452 |      1.0000e-10 |
|      80 |         400 |       00:05:43 |       50.00% |              |       1.9484 |              |      1.0000e-10 |
|      84 |         420 |       00:06:00 |       50.00% |       19.23% |       2.0356 |       3.1516 |      1.0000e-11 |
|      90 |         450 |       00:06:26 |       60.00% |              |       1.9387 |              |      1.0000e-11 |
|      96 |         480 |       00:06:52 |       80.00% |       11.54% |       1.7939 |       3.1855 |      1.0000e-12 |
|     100 |         500 |       00:07:09 |       65.00% |       15.38% |       1.7647 |       3.1444 |      1.0000e-12 |
|======================================================================================================================|
