Training on single GPU.
|======================================================================================================================|
|  Epoch  |  Iteration  |  Time Elapsed  |  Mini-batch  |  Validation  |  Mini-batch  |  Validation  |  Base Learning  |
|         |             |   (hh:mm:ss)   |   Accuracy   |   Accuracy   |     Loss     |     Loss     |      Rate       |
|======================================================================================================================|
|       1 |           1 |       00:00:01 |        5.00% |        3.85% |       3.7312 |       3.7523 |          0.0010 |
|      10 |          50 |       00:00:41 |       15.00% |              |       3.2620 |              |          0.0010 |
|      12 |          60 |       00:00:49 |        5.00% |        0.00% |       3.1163 |       3.5640 |          0.0001 |
|      20 |         100 |       00:01:20 |        0.00% |              |       3.2486 |              |          0.0001 |
|      24 |         120 |       00:01:37 |       25.00% |        0.00% |       3.0677 |       3.5724 |      1.0000e-05 |
|      30 |         150 |       00:02:00 |       10.00% |              |       3.2500 |              |      1.0000e-05 |
|      36 |         180 |       00:02:24 |       15.00% |        3.85% |       3.2142 |       3.5705 |      1.0000e-06 |
|      40 |         200 |       00:02:40 |       10.00% |              |       3.2727 |              |      1.0000e-06 |
|      48 |         240 |       00:03:13 |       10.00% |        0.00% |       3.1788 |       3.5799 |      1.0000e-07 |
|      50 |         250 |       00:03:20 |       10.00% |              |       3.0216 |              |      1.0000e-07 |
|      60 |         300 |       00:04:01 |       10.00% |        3.85% |       3.1592 |       3.4571 |      1.0000e-08 |
|      70 |         350 |       00:04:40 |       10.00% |              |       3.2460 |              |      1.0000e-09 |
|      72 |         360 |       00:04:49 |       10.00% |        3.85% |       3.2014 |       3.4571 |      1.0000e-10 |
|      80 |         400 |       00:05:20 |       10.00% |              |       3.0667 |              |      1.0000e-10 |
|      84 |         420 |       00:05:37 |       10.00% |        0.00% |       3.0355 |       3.5814 |      1.0000e-11 |
|      90 |         450 |       00:06:00 |        5.00% |              |       3.1942 |              |      1.0000e-11 |
|      96 |         480 |       00:06:24 |       15.00% |        3.85% |       3.2723 |       3.4571 |      1.0000e-12 |
|     100 |         500 |       00:06:41 |        5.00% |        0.00% |       3.3297 |       3.5982 |      1.0000e-12 |
|======================================================================================================================|
