Training on single GPU.
|======================================================================================================================|
|  Epoch  |  Iteration  |  Time Elapsed  |  Mini-batch  |  Validation  |  Mini-batch  |  Validation  |  Base Learning  |
|         |             |   (hh:mm:ss)   |   Accuracy   |   Accuracy   |     Loss     |     Loss     |      Rate       |
|======================================================================================================================|
|       1 |           1 |       00:00:01 |        0.00% |        0.00% |       3.7792 |       3.7666 |          0.0010 |
|      10 |          50 |       00:00:42 |       25.00% |              |       2.7002 |              |          0.0010 |
|      12 |          60 |       00:00:51 |       60.00% |        0.00% |       1.9682 |       3.0701 |          0.0001 |
|      20 |         100 |       00:01:25 |       65.00% |              |       1.8114 |              |          0.0001 |
|      24 |         120 |       00:01:42 |       70.00% |        3.85% |       1.6208 |       2.9460 |      1.0000e-05 |
|      30 |         150 |       00:02:08 |       60.00% |              |       1.6797 |              |      1.0000e-05 |
|      36 |         180 |       00:02:33 |       60.00% |        3.85% |       1.8894 |       2.9389 |      1.0000e-06 |
|      40 |         200 |       00:02:50 |       70.00% |              |       1.5588 |              |      1.0000e-06 |
|      48 |         240 |       00:03:24 |       65.00% |        3.85% |       1.8856 |       2.9402 |      1.0000e-07 |
|      50 |         250 |       00:03:33 |       75.00% |              |       1.5892 |              |      1.0000e-07 |
|      60 |         300 |       00:04:16 |       55.00% |        3.85% |       1.8577 |       2.9385 |      1.0000e-08 |
|      70 |         350 |       00:04:59 |       70.00% |              |       1.7308 |              |      1.0000e-09 |
|      72 |         360 |       00:05:08 |       55.00% |        3.85% |       2.0039 |       2.9385 |      1.0000e-10 |
|      80 |         400 |       00:05:41 |       75.00% |              |       1.7484 |              |      1.0000e-10 |
|      84 |         420 |       00:05:59 |       50.00% |        3.85% |       1.9821 |       2.9272 |      1.0000e-11 |
|      90 |         450 |       00:06:24 |       55.00% |              |       1.9131 |              |      1.0000e-11 |
|      96 |         480 |       00:06:50 |       60.00% |        3.85% |       1.8528 |       2.9448 |      1.0000e-12 |
|     100 |         500 |       00:07:08 |       70.00% |        3.85% |       1.8005 |       2.9775 |      1.0000e-12 |
|======================================================================================================================|
