Training on single GPU.
|======================================================================================================================|
|  Epoch  |  Iteration  |  Time Elapsed  |  Mini-batch  |  Validation  |  Mini-batch  |  Validation  |  Base Learning  |
|         |             |   (hh:mm:ss)   |   Accuracy   |   Accuracy   |     Loss     |     Loss     |      Rate       |
|======================================================================================================================|
|       1 |           1 |       00:00:02 |        0.00% |        3.85% |       3.7540 |       3.7156 |          0.0010 |
|      10 |          50 |       00:00:44 |       40.00% |              |       2.1632 |              |          0.0010 |
|      12 |          60 |       00:00:53 |       45.00% |       11.54% |       2.1153 |       3.1278 |          0.0001 |
|      20 |         100 |       00:01:27 |       70.00% |              |       1.7370 |              |          0.0001 |
|      24 |         120 |       00:01:45 |       60.00% |        7.69% |       1.9171 |       3.0435 |      1.0000e-05 |
|      30 |         150 |       00:02:11 |       75.00% |              |       1.4589 |              |      1.0000e-05 |
|      36 |         180 |       00:02:37 |       65.00% |        3.85% |       1.7430 |       3.1012 |      1.0000e-06 |
|      40 |         200 |       00:02:55 |       70.00% |              |       1.7912 |              |      1.0000e-06 |
|      48 |         240 |       00:03:31 |       70.00% |        3.85% |       1.7864 |       3.0588 |      1.0000e-07 |
|      50 |         250 |       00:03:39 |       50.00% |              |       1.9284 |              |      1.0000e-07 |
|      60 |         300 |       00:04:23 |       60.00% |        3.85% |       1.9450 |       3.0434 |      1.0000e-08 |
|      70 |         350 |       00:05:07 |       80.00% |              |       1.3670 |              |      1.0000e-09 |
|      72 |         360 |       00:05:16 |       55.00% |        3.85% |       1.9186 |       3.0434 |      1.0000e-10 |
|      80 |         400 |       00:05:51 |       70.00% |              |       1.6627 |              |      1.0000e-10 |
|      84 |         420 |       00:06:09 |       80.00% |        3.85% |       1.3942 |       3.0783 |      1.0000e-11 |
|      90 |         450 |       00:06:35 |       65.00% |              |       1.5592 |              |      1.0000e-11 |
|      96 |         480 |       00:07:02 |       75.00% |        3.85% |       1.5341 |       3.1188 |      1.0000e-12 |
|     100 |         500 |       00:07:21 |       60.00% |        3.85% |       1.7473 |       3.0562 |      1.0000e-12 |
|======================================================================================================================|
