Training on single GPU.
|======================================================================================================================|
|  Epoch  |  Iteration  |  Time Elapsed  |  Mini-batch  |  Validation  |  Mini-batch  |  Validation  |  Base Learning  |
|         |             |   (hh:mm:ss)   |   Accuracy   |   Accuracy   |     Loss     |     Loss     |      Rate       |
|======================================================================================================================|
|       1 |           1 |       00:00:01 |       10.00% |       23.81% |       1.8101 |       1.8354 |          0.0010 |
|       1 |           2 |       00:00:02 |       40.00% |              |       1.8018 |              |          0.0010 |
|======================================================================================================================|
{Undefined function or variable 'dairy'.

Error in <a href="matlab:matlab.internal.language.introspective.errorDocCallback('Runtime', 'D:\0_GitHub\imaginexlab_smartglove\smart_glove_matlab\Runtime.m', 13)" style="font-weight:bold">Runtime</a> (<a href="matlab: opentoline('D:\0_GitHub\imaginexlab_smartglove\smart_glove_matlab\Runtime.m',13,0)">line 13</a>)
        dairy off
} 
stop
{Undefined function or variable 'stop'.
} 
Runtime
Training on single GPU.
|======================================================================================================================|
|  Epoch  |  Iteration  |  Time Elapsed  |  Mini-batch  |  Validation  |  Mini-batch  |  Validation  |  Base Learning  |
|         |             |   (hh:mm:ss)   |   Accuracy   |   Accuracy   |     Loss     |     Loss     |      Rate       |
|======================================================================================================================|
|       1 |           1 |       00:00:01 |        0.00% |       28.57% |       1.8068 |       1.7744 |          0.0010 |
|       5 |          50 |       00:00:25 |       40.00% |       23.81% |       1.4143 |       1.6345 |          0.0010 |
|      10 |         100 |       00:00:48 |       40.00% |       19.05% |       1.2039 |       2.1548 |          0.0010 |
|      14 |         150 |       00:01:12 |       20.00% |       19.05% |       1.6231 |       2.0787 |          0.0001 |
|      19 |         200 |       00:01:36 |       80.00% |       23.81% |       0.9219 |       1.6028 |          0.0001 |
|      23 |         250 |       00:02:00 |       40.00% |       28.57% |       1.3081 |       1.5854 |      1.0000e-05 |
|      28 |         300 |       00:02:23 |       50.00% |       28.57% |       1.4201 |       1.5451 |      1.0000e-05 |
|      32 |         350 |       00:02:47 |       30.00% |       28.57% |       1.2922 |       1.5098 |      1.0000e-06 |
|      37 |         400 |       00:03:11 |       30.00% |       23.81% |       1.3418 |       1.4980 |      1.0000e-06 |
|      41 |         450 |       00:03:34 |       30.00% |       23.81% |       1.4846 |       1.4786 |      1.0000e-07 |
|      46 |         500 |       00:03:58 |       60.00% |       28.57% |       1.1466 |       1.5181 |      1.0000e-07 |
|      50 |         550 |       00:04:21 |       30.00% |       23.81% |       1.3160 |       1.5259 |      1.0000e-07 |
|      55 |         600 |       00:04:45 |       40.00% |       28.57% |       1.2019 |       1.5028 |      1.0000e-08 |
|      60 |         650 |       00:05:09 |       20.00% |       28.57% |       1.3520 |       1.5579 |      1.0000e-08 |
|      64 |         700 |       00:05:33 |       60.00% |       23.81% |       1.2282 |       1.5329 |      1.0000e-09 |
|      69 |         750 |       00:05:56 |       60.00% |       28.57% |       1.4045 |       1.4675 |      1.0000e-09 |
|      73 |         800 |       00:06:20 |       30.00% |       28.57% |       1.4311 |       1.4334 |      1.0000e-10 |
|      78 |         850 |       00:06:44 |       60.00% |       23.81% |       1.3001 |       1.5330 |      1.0000e-10 |
|      82 |         900 |       00:07:08 |       10.00% |       28.57% |       1.4803 |       1.5330 |      1.0000e-11 |
|      87 |         950 |       00:07:33 |       50.00% |       28.57% |       1.2570 |       1.5005 |      1.0000e-11 |
|      91 |        1000 |       00:07:57 |       60.00% |       23.81% |       1.0331 |       1.5120 |      1.0000e-12 |
|      96 |        1050 |       00:08:21 |       50.00% |       28.57% |       1.3010 |       1.5072 |      1.0000e-12 |
|     100 |        1100 |       00:08:46 |       20.00% |       28.57% |       1.4998 |       1.5072 |      1.0000e-12 |
|======================================================================================================================|
